****************************************************** 
* guineapig++ Version 1.2.2
* Program written by Daniel Schulte at DESY and CERN 
* object oriented by Guy Le Meur at LAL-Orsay 
* contributions from C. Rimbault at LAL-Orsay 
* B. Dalena, J. Esberg and J. Snuverink at CERN
*
* Compiled with FFTW:  UNKNOWN 
**************************************************** 

                                         
 *********************************************************************** 
 -------------  beam parameter 1 ------------ 
             
 energy : 175 GeV ; particles : 2e+10
  sigma_x  : 683.52 nm ;  sigma_y : 5.89474 nm ; sigma_z : 300 micrometers 
 emitt_x : 10 emitt_y : 0.035  (mm.mrad) 
 beta_x : 16000 beta_y : 340 (micrometers) 
 offset_x : 0 nm ; offset_y : 0 nm ; offset_z : 0 micrometers 
 waist_x : 0 waist_y : 250 (micrometers) 
 angle_x : 0 angle_y : 0 angle_phi : 0 (radians) 
 type of distribution charge :  dist_x : 0 dist_z : 0
 initial polarization (ONLY FOR bmt_precession = 1 and internally generated beam) : polar_x = 0 polar_y = 0 polar_z = 1
                                         
 *********************************************************************** 
 -------------  beam parameter 2 ------------ 
             
 energy : 175 GeV ; particles : 2e+10
  sigma_x  : 683.52 nm ;  sigma_y : 5.89474 nm ; sigma_z : 300 micrometers 
 emitt_x : 10 emitt_y : 0.035  (mm.mrad) 
 beta_x : 16000 beta_y : 340 (micrometers) 
 offset_x : -0 nm ; offset_y : -0 nm ; offset_z : -0 micrometers 
 waist_x : 0 waist_y : 250 (micrometers) 
 angle_x : 0 angle_y : 0 angle_phi : 0 (radians) 
 type of distribution charge :  dist_x : 0 dist_z : 0
 initial polarization (ONLY FOR bmt_precession = 1 and internally generated beam) : polar_x = 0 polar_y = 0 polar_z = 1
                                         
 *********************************************************************** 
 ------------- SWITCHES :  ------------ 
             
charge_sign = -1
bmt_precession = 0
ST_spin_flip = 0
do_bds_spin_rotation = 0
automatic_grid_sizing = 0
integration_method = 2 force_symmetric = 0
rndm_load = 1rndm_save = 1 rndm_seed = 1
do_photons.1 = 0 do_photons.2 = 0
write_photons = 0
do_comp = 0 do_prod = 0
electron_ratio = 0.1
compt_x_min = 1 compt_emax = 100 GeV ; compt_scale = 1
do_lumi = 1num_lumi = 5000000 lumi_p = 1e-29
do_cross = 0 do_isr = 0 do_espread = 0
photon_ratio = 0.1
do_hadrons = 0 store_hadrons = 0 hadron_ratio = 100000
do_jets = 0 store_jets = 0
do_pairs = 0 load_events = 0
track_pairs = 0 pair_step = 1
store_pairs = 0
bhabha_scal = 1e-29 bhabha_ecmload = 500 GeV 
do_muons = 0 track_muons = 0 store_muons = 0
muon_ratio = 1 muon_scale = 1 muon_ecut = 0.105
do_coherent = 0
do_trident = 0
emin = 0
grids = 1
pair_ecut = 0.01 GeV 
pair_ratio = 1
bhabha_ratio = 1
pair_q2 = 2
beam_pair = 0
jet_ratio = 100000
jet_ptmin = 2
jet_pythia = 0
jet_log = 1
beam_size = 1 beam_size_scale = 1 ext_field = 1
espread.1 = 0.00158 which_espread.1 = 3 espread.2 = 0.001 which_espread.2 = 3
f_rep = 5 n_b = 1312
do_edm4hep = 0
                                         
 *********************************************************************** 
 ------------- grid parameters ------------ 
             
n_x = 128 n_y = 128
n_z = 16 n_t = 16
n_m.1 = 1000000 n_m.2 = 1000000
cut_x = 4101.12 nm ; cut_y = 35.3684 nm ; cut_z = 1050 micrometers 

 ...................................................... 
 relative amount of interacting particles that were outside the grid during one time step : 
beam 1 : miss = 0.0190024  beam 2 : miss = 0.0143369
 number of interacting part. that were outside the grid during one time step : 
out.1=259;out.2=275;
                                         
 *********************************************************************** 
 ------------- beam1 ------------ 
             
 ---------- particle beam : 
 total number of coherent particles is 0 with 0 GeV 
 number of tracked macroparticles : 999504
average energy loss of the beam particles (GeV) : de = 2.97234
 ---photon statistics : 
 initial : 
 initial average photon energy (GeV) phot-e1 : 2.26409
 initial number of phot. per tracked macropart.1 : 1.31282
 final : 
 final average photon energy (GeV) phot-e1 : 2.26409
 final number of phot. per tracked macropart.1 : 1.31282

phot-e1=2.26409;n_phot1=1.31282;
de1=2.97234;
                                         
 *********************************************************************** 
 ------------- beam2 ------------ 
             
 ---------- particle beam : 
 total number of coherent particles is 0 with 0 GeV 
 number of tracked macroparticles : 999498
average energy loss of the beam particles (GeV) : de = 2.96039
 ---photon statistics : 
 initial : 
 initial average photon energy (GeV) phot-e2 : 2.25819
 initial number of phot. per tracked macropart.2 : 1.31096
 final : 
 final average photon energy (GeV) phot-e2 : 2.25819
 final number of phot. per tracked macropart.2 : 1.31096

phot-e2=2.25819;n_phot2=1.31096;
de2=2.96039;
                                         
 *********************************************************************** 
 ------------- general results ------------ 
             
lumi_fine = 1.57679e+34 m**(-2) (from charge densities) 
lumi_ee = 1.5812e+34 m**(-2) (from beam particles collisions)
lumi_ee_high = 1.23708e+34 1/m2 (per bunch cross. above energy ecm_min)
lumi_pp = 0 m**(-2) 
lumi_eg = 0 m**(-2) (e - gamma) 
lumi_ge = 0 m**(-2) ( gamma - e) 
lumi_gg = 0 m**(-2) (gamma - gamma) 
lumi_gg_high = 0 1/m2 (gamma - gamma, with c.o.m energy more than gg_cut) 
lumi[0][0] = 0
lumi[0][1] = 1.03727e+38
lumi[0][2] = 0
lumi[1][0] = 0
lumi[1][1] = 0
lumi[1][2] = 0
lumi[2][0] = 0
lumi[2][1] = 0
lumi[2][2] = 0
upsmax= 0.109495 (maximal value of the beamstrahlung paramater that occured) 
E_cm = 347.288 E_cm_var = 5.64433
 ............................................... 
 average and RMS angles (x or y) of the particles of each beam after the interaction (microradians) : 
bpm_vx.1=-0.170713;bpm_sig_vx.1=282.904;
bpm_vy.1=0.332457;bpm_sig_vy.1=27.4467;
bpm_vx.2=0.274112;bpm_sig_vx.2=283.217;
bpm_vy.2=-0.313515;bpm_sig_vy.2=27.515;
 average and RMS angles (x or y) including coherent particles of each beam after the interaction (microradians) : 
bpm_vx_coh.1=-0.170713;
bpm_vy_coh.1=0.332457;
bpm_vx_coh.2=0.274112;
bpm_vy_coh.2=-0.313515;
 ............................................... 
 minimal photon-photon center of mass energies for hadronic events (GeV) : 
hadron_cut.1=2;hadron_cut.2=5;hadron_cut.3=10;
 nb of hadronic events per bunch crossing due to the virtual photons in ee collisions : 
hadrons_ee.1=0;hadrons_ee.2=0;hadrons_ee.3=0;
 nb of hadronic evts per bx due to e-gamma collisions 
hadrons_eg.1=0;hadrons_eg.2=0;hadrons_eg.3=0;
 .. due to gamma-e collisions : 
hadrons_ge.1=0;hadrons_ge.2=0;hadrons_ge.3=0;
 ... due to gamma-gamma collisions : 
hadrons_gg.1=0;hadrons_gg.2=0;hadrons_gg.3=0;
 ... due to all types of collisions : 
hadrons_sum.1=0;hadrons_sum.2=0;hadrons_sum.3=0;
 ............................................... 

lumi_ee=1.5812e+34;
lumi_ee_high=1.23708e+34;
step   lumi total   lumi peak 
1  5.50651e+27  5.50651e+27
2  3.69219e+28  3.69219e+28
3  1.78397e+29  1.78397e+29
4  6.88243e+29  6.87961e+29
5  2.34288e+30  2.34083e+30
6  6.85419e+30  6.82793e+30
7  1.86659e+31  1.84897e+31
8  4.62053e+31  4.54406e+31
9  1.03885e+32  1.01342e+32
10  2.19267e+32  2.11653e+32
11  4.51357e+32  4.30015e+32
12  8.48268e+32  7.89352e+32
13  1.24152e+33  1.11667e+33
14  1.648e+33  1.42278e+33
15  2.03895e+33  1.68206e+33
16  2.12048e+33  1.66639e+33
17  2.00423e+33  1.50003e+33
18  1.71178e+33  1.21864e+33
19  1.32086e+33  8.93745e+32
20  8.98449e+32  5.83179e+32
21  5.56372e+32  3.45457e+32
22  3.09006e+32  1.84877e+32
23  1.53127e+32  8.8816e+31
24  6.84787e+31  3.85154e+31
25  2.83124e+31  1.55135e+31
26  1.0137e+31  5.44834e+30
27  3.31203e+30  1.74288e+30
28  9.4126e+29  4.8302e+29
29  2.22378e+29  1.11825e+29
30  4.6523e+28  1.96964e+28
31  6.35367e+27  2.89445e+27
                                         
 *********************************************************************** 
 ------------- other information  ------------ 
             
