****************************************************** 
* guineapig++ Version 1.2.2
* Program written by Daniel Schulte at DESY and CERN 
* object oriented by Guy Le Meur at LAL-Orsay 
* contributions from C. Rimbault at LAL-Orsay 
* B. Dalena, J. Esberg and J. Snuverink at CERN
*
* Compiled with FFTW:  UNKNOWN 
**************************************************** 

                                         
 *********************************************************************** 
 -------------  beam parameter 1 ------------ 
             
 energy : 500 GeV ; particles : 1.74e+10
  sigma_x  : 480.595 nm ;  sigma_y : 2.76857 nm ; sigma_z : 250 micrometers 
 emitt_x : 10 emitt_y : 0.03  (mm.mrad) 
 beta_x : 22600 beta_y : 250 (micrometers) 
 offset_x : 0 nm ; offset_y : 0 nm ; offset_z : 0 micrometers 
 waist_x : 0 waist_y : 190 (micrometers) 
 angle_x : 0 angle_y : 0 angle_phi : 0 (radians) 
 type of distribution charge :  dist_x : 0 dist_z : 0
 initial polarization (ONLY FOR bmt_precession = 1 and internally generated beam) : polar_x = 0 polar_y = 0 polar_z = 1
                                         
 *********************************************************************** 
 -------------  beam parameter 2 ------------ 
             
 energy : 500 GeV ; particles : 1.74e+10
  sigma_x  : 480.595 nm ;  sigma_y : 2.76857 nm ; sigma_z : 250 micrometers 
 emitt_x : 10 emitt_y : 0.03  (mm.mrad) 
 beta_x : 22600 beta_y : 250 (micrometers) 
 offset_x : -0 nm ; offset_y : -0 nm ; offset_z : -0 micrometers 
 waist_x : 0 waist_y : 190 (micrometers) 
 angle_x : 0 angle_y : 0 angle_phi : 0 (radians) 
 type of distribution charge :  dist_x : 0 dist_z : 0
 initial polarization (ONLY FOR bmt_precession = 1 and internally generated beam) : polar_x = 0 polar_y = 0 polar_z = 1
                                         
 *********************************************************************** 
 ------------- SWITCHES :  ------------ 
             
charge_sign = -1
bmt_precession = 0
ST_spin_flip = 0
do_bds_spin_rotation = 0
automatic_grid_sizing = 0
integration_method = 2 force_symmetric = 0
rndm_load = 1rndm_save = 1 rndm_seed = 1
do_photons.1 = 1 do_photons.2 = 1
write_photons = 0
do_comp = 0 do_prod = 0
electron_ratio = 0.1
compt_x_min = 1 compt_emax = 100 GeV ; compt_scale = 1
do_lumi = 4num_lumi = 5000000 lumi_p = 1e-29
do_cross = 0 do_isr = 0 do_espread = 0
photon_ratio = 0.1
do_hadrons = 0 store_hadrons = 0 hadron_ratio = 100000
do_jets = 0 store_jets = 0
do_pairs = 0 load_events = 0
track_pairs = 0 pair_step = 1
store_pairs = 0
bhabha_scal = 1e-29 bhabha_ecmload = 500 GeV 
do_muons = 0 track_muons = 0 store_muons = 0
muon_ratio = 1 muon_scale = 1 muon_ecut = 0.105
do_coherent = 0
do_trident = 0
emin = 0
grids = 1
pair_ecut = 0.01 GeV 
pair_ratio = 1
bhabha_ratio = 1
pair_q2 = 2
beam_pair = 0
jet_ratio = 100000
jet_ptmin = 2
jet_pythia = 0
jet_log = 1
beam_size = 1 beam_size_scale = 1 ext_field = 1
espread.1 = 0.00083 which_espread.1 = 3 espread.2 = 0.00043 which_espread.2 = 3
f_rep = 0 n_b = 0
do_edm4hep = 0
                                         
 *********************************************************************** 
 ------------- grid parameters ------------ 
             
n_x = 128 n_y = 128
n_z = 16 n_t = 16
n_m.1 = 1000000 n_m.2 = 1000000
cut_x = 2883.57 nm ; cut_y = 16.6114 nm ; cut_z = 875 micrometers 

 ...................................................... 
 relative amount of interacting particles that were outside the grid during one time step : 
beam 1 : miss = 0.0286697  beam 2 : miss = 0.0279955
 number of interacting part. that were outside the grid during one time step : 
out.1=637;out.2=650;
                                         
 *********************************************************************** 
 ------------- beam1 ------------ 
             
 ---------- particle beam : 
 total number of coherent particles is 0 with 0 GeV 
 number of tracked macroparticles : 999546
average energy loss of the beam particles (GeV) : de = 27.6872
 ---photon statistics : 
 initial : 
 initial average photon energy (GeV) phot-e1 : 18.6132
 initial number of phot. per tracked macropart.1 : 1.4875
 final : 
 final average photon energy (GeV) phot-e1 : 18.6132
 final number of phot. per tracked macropart.1 : 1.4875

phot-e1=18.6132;n_phot1=1.4875;
de1=27.6872;
                                         
 *********************************************************************** 
 ------------- beam2 ------------ 
             
 ---------- particle beam : 
 total number of coherent particles is 0 with 0 GeV 
 number of tracked macroparticles : 999530
average energy loss of the beam particles (GeV) : de = 27.6814
 ---photon statistics : 
 initial : 
 initial average photon energy (GeV) phot-e2 : 18.5863
 initial number of phot. per tracked macropart.2 : 1.48934
 final : 
 final average photon energy (GeV) phot-e2 : 18.5863
 final number of phot. per tracked macropart.2 : 1.48934

phot-e2=18.5863;n_phot2=1.48934;
de2=27.6814;
                                         
 *********************************************************************** 
 ------------- general results ------------ 
             
lumi_fine = 3.11219e+34 m**(-2) (from charge densities) 
lumi_ee = 3.11611e+34 m**(-2) (from beam particles collisions)
lumi_ee_high = 1.84614e+34 1/m2 (per bunch cross. above energy ecm_min)
lumi_pp = 0 m**(-2) 
lumi_eg = 1.52648e+34 m**(-2) (e - gamma) 
lumi_ge = 1.52472e+34 m**(-2) ( gamma - e) 
lumi_gg = 9.16602e+33 m**(-2) (gamma - gamma) 
lumi_gg_high = 9.16602e+33 1/m2 (gamma - gamma, with c.o.m energy more than gg_cut) 
lumi[0][0] = 0
lumi[0][1] = 0
lumi[0][2] = 0
lumi[1][0] = 0
lumi[1][1] = 0
lumi[1][2] = 0
lumi[2][0] = 0
lumi[2][1] = 0
lumi[2][2] = 0
upsmax= 0.354118 (maximal value of the beamstrahlung paramater that occured) 
E_cm = 973.021 E_cm_var = 48.5347
 ............................................... 
 average and RMS angles (x or y) of the particles of each beam after the interaction (microradians) : 
bpm_vx.1=-0.0399907;bpm_sig_vx.1=123.312;
bpm_vy.1=0.255298;bpm_sig_vy.1=15.5782;
bpm_vx.2=0.0275512;bpm_sig_vx.2=123.22;
bpm_vy.2=-0.240757;bpm_sig_vy.2=15.6249;
 average and RMS angles (x or y) including coherent particles of each beam after the interaction (microradians) : 
bpm_vx_coh.1=-0.0399907;
bpm_vy_coh.1=0.255298;
bpm_vx_coh.2=0.0275512;
bpm_vy_coh.2=-0.240757;
 ............................................... 
 minimal photon-photon center of mass energies for hadronic events (GeV) : 
hadron_cut.1=2;hadron_cut.2=5;hadron_cut.3=10;
 nb of hadronic events per bunch crossing due to the virtual photons in ee collisions : 
hadrons_ee.1=0;hadrons_ee.2=0;hadrons_ee.3=0;
 nb of hadronic evts per bx due to e-gamma collisions 
hadrons_eg.1=0;hadrons_eg.2=0;hadrons_eg.3=0;
 .. due to gamma-e collisions : 
hadrons_ge.1=0;hadrons_ge.2=0;hadrons_ge.3=0;
 ... due to gamma-gamma collisions : 
hadrons_gg.1=0;hadrons_gg.2=0;hadrons_gg.3=0;
 ... due to all types of collisions : 
hadrons_sum.1=0;hadrons_sum.2=0;hadrons_sum.3=0;
 ............................................... 

lumi_ee=3.11611e+34;
lumi_ee_high=1.84614e+34;
step   lumi total   lumi peak 
1  1.1812e+28  1.1812e+28
2  8.21986e+28  8.21986e+28
3  4.12773e+29  4.12773e+29
4  1.52003e+30  1.51663e+30
5  5.13693e+30  5.10052e+30
6  1.51749e+31  1.49095e+31
7  3.99948e+31  3.87067e+31
8  9.71488e+31  9.18371e+31
9  2.15704e+32  1.98438e+32
10  4.43528e+32  3.95003e+32
11  8.57511e+32  7.34877e+32
12  1.58725e+33  1.29593e+33
13  2.5801e+33  1.95749e+33
14  3.32989e+33  2.31677e+33
15  3.92914e+33  2.49846e+33
16  4.28893e+33  2.49556e+33
17  4.02464e+33  2.14204e+33
18  3.35664e+33  1.62708e+33
19  2.56447e+33  1.14402e+33
20  1.72193e+33  7.14917e+32
21  1.05766e+33  4.11681e+32
22  5.68813e+32  2.10306e+32
23  2.78571e+32  9.83892e+31
24  1.23453e+32  4.2946e+31
25  4.94202e+31  1.6958e+31
26  1.69096e+31  5.61928e+30
27  5.27204e+30  1.73022e+30
28  1.38184e+30  4.66817e+29
29  3.26853e+29  1.03234e+29
30  6.03545e+28  1.47246e+28
31  6.79595e+27  1.61808e+27
                                         
 *********************************************************************** 
 ------------- other information  ------------ 
             
