****************************************************** 
* guineapig++ Version 1.2.2
* Program written by Daniel Schulte at DESY and CERN 
* object oriented by Guy Le Meur at LAL-Orsay 
* contributions from C. Rimbault at LAL-Orsay 
* B. Dalena, J. Esberg and J. Snuverink at CERN
*
* Compiled with FFTW:  UNKNOWN 
**************************************************** 

                                         
 *********************************************************************** 
 -------------  beam parameter 1 ------------ 
             
 energy : 7500 GeV ; particles : 5e+09
  sigma_x  : 1.01094 nm ;  sigma_y : 1.01094 nm ; sigma_z : 5 micrometers 
 emitt_x : 0.1 emitt_y : 0.1  (mm.mrad) 
 beta_x : 150 beta_y : 150 (micrometers) 
 offset_x : 0 nm ; offset_y : 0 nm ; offset_z : 0 micrometers 
 waist_x : 0 waist_y : 0 (micrometers) 
 angle_x : 0 angle_y : 0 angle_phi : 0 (radians) 
 type of distribution charge :  dist_x : 0 dist_z : 0
 initial polarization (ONLY FOR bmt_precession = 1 and internally generated beam) : polar_x = 0 polar_y = 0 polar_z = 1
                                         
 *********************************************************************** 
 -------------  beam parameter 2 ------------ 
             
 energy : 7500 GeV ; particles : 5e+09
  sigma_x  : 1.01094 nm ;  sigma_y : 1.01094 nm ; sigma_z : 5 micrometers 
 emitt_x : 0.1 emitt_y : 0.1  (mm.mrad) 
 beta_x : 150 beta_y : 150 (micrometers) 
 offset_x : -0 nm ; offset_y : -0 nm ; offset_z : -0 micrometers 
 waist_x : 0 waist_y : 0 (micrometers) 
 angle_x : 0 angle_y : 0 angle_phi : 0 (radians) 
 type of distribution charge :  dist_x : 0 dist_z : 0
 initial polarization (ONLY FOR bmt_precession = 1 and internally generated beam) : polar_x = 0 polar_y = 0 polar_z = 1
                                         
 *********************************************************************** 
 ------------- SWITCHES :  ------------ 
             
charge_sign = -1
bmt_precession = 0
ST_spin_flip = 0
do_bds_spin_rotation = 0
automatic_grid_sizing = 0
integration_method = 2 force_symmetric = 0
rndm_load = 1rndm_save = 1 rndm_seed = 1
do_photons.1 = 0 do_photons.2 = 0
write_photons = 0
do_comp = 0 do_prod = 0
electron_ratio = 0.2
compt_x_min = 1 compt_emax = 100 GeV ; compt_scale = 1
do_lumi = 1num_lumi = 100000 lumi_p = 1e-29
do_cross = 0 do_isr = 0 do_espread = 0
photon_ratio = 1
do_hadrons = 0 store_hadrons = 0 hadron_ratio = 100000
do_jets = 0 store_jets = 0
do_pairs = 0 load_events = 0
track_pairs = 0 pair_step = 1
store_pairs = 0
bhabha_scal = 1e-29 bhabha_ecmload = 500 GeV 
do_muons = 0 track_muons = 0 store_muons = 0
muon_ratio = 1 muon_scale = 1 muon_ecut = 0.105
do_coherent = 0
do_trident = 0
emin = 0
grids = 1
pair_ecut = 0 GeV 
pair_ratio = 1
bhabha_ratio = 1
pair_q2 = 2
beam_pair = 0
jet_ratio = 100000
jet_ptmin = 2
jet_pythia = 0
jet_log = 1
beam_size = 1 beam_size_scale = 1 ext_field = 0
espread.1 = 0.001 which_espread.1 = 1 espread.2 = 0.001 which_espread.2 = 1
f_rep = 0 n_b = 0
do_edm4hep = 0
                                         
 *********************************************************************** 
 ------------- grid parameters ------------ 
             
n_x = 256 n_y = 1024
n_z = 64 n_t = 1
n_m.1 = 100000 n_m.2 = 100000
cut_x = 9.09845 nm ; cut_y = 30.3282 nm ; cut_z = 17.5 micrometers 

 ...................................................... 
 relative amount of interacting particles that were outside the grid during one time step : 
beam 1 : miss = 0.529148  beam 2 : miss = 0.53792
 number of interacting part. that were outside the grid during one time step : 
out.1=44384;out.2=44790;
                                         
 *********************************************************************** 
 ------------- beam1 ------------ 
             
 ---------- particle beam : 
 total number of coherent particles is 0 with 0 GeV 
 number of tracked macroparticles : 99957
average energy loss of the beam particles (GeV) : de = 6833.93
 ---photon statistics : 
 initial : 
 initial average photon energy (GeV) phot-e1 : 493.792
 initial number of phot. per tracked macropart.1 : 13.8397
 final : 
 final average photon energy (GeV) phot-e1 : 493.792
 final number of phot. per tracked macropart.1 : 13.8397

phot-e1=493.792;n_phot1=13.8397;
de1=6833.93;
                                         
 *********************************************************************** 
 ------------- beam2 ------------ 
             
 ---------- particle beam : 
 total number of coherent particles is 0 with 0 GeV 
 number of tracked macroparticles : 99949
average energy loss of the beam particles (GeV) : de = 6845.01
 ---photon statistics : 
 initial : 
 initial average photon energy (GeV) phot-e2 : 493.487
 initial number of phot. per tracked macropart.2 : 13.8707
 final : 
 final average photon energy (GeV) phot-e2 : 493.487
 final number of phot. per tracked macropart.2 : 13.8707

phot-e2=493.487;n_phot2=13.8707;
de2=6845.01;
                                         
 *********************************************************************** 
 ------------- general results ------------ 
             
lumi_fine = 8.46905e+36 m**(-2) (from charge densities) 
lumi_ee = 8.80492e+36 m**(-2) (from beam particles collisions)
lumi_ee_high = 1.49359e+35 1/m2 (per bunch cross. above energy ecm_min)
lumi_pp = 0 m**(-2) 
lumi_eg = 0 m**(-2) (e - gamma) 
lumi_ge = 0 m**(-2) ( gamma - e) 
lumi_gg = 0 m**(-2) (gamma - gamma) 
lumi_gg_high = 0 1/m2 (gamma - gamma, with c.o.m energy more than gg_cut) 
lumi[0][0] = 0
lumi[0][1] = 0
lumi[0][2] = 0
lumi[1][0] = 0
lumi[1][1] = 0
lumi[1][2] = 0
lumi[2][0] = 0
lumi[2][1] = 0
lumi[2][2] = 0
upsmax= 27169.9 (maximal value of the beamstrahlung paramater that occured) 
E_cm = 5036.92 E_cm_var = inf
 ............................................... 
 average and RMS angles (x or y) of the particles of each beam after the interaction (microradians) : 
bpm_vx.1=-28560.5;bpm_sig_vx.1=6.7856e+06;
bpm_vy.1=48148.5;bpm_sig_vy.1=1.45982e+07;
bpm_vx.2=219808;bpm_sig_vx.2=5.84318e+07;
bpm_vy.2=117911;bpm_sig_vy.2=2.39503e+07;
 average and RMS angles (x or y) including coherent particles of each beam after the interaction (microradians) : 
bpm_vx_coh.1=-28560.5;
bpm_vy_coh.1=48148.5;
bpm_vx_coh.2=219808;
bpm_vy_coh.2=117911;
 ............................................... 
 minimal photon-photon center of mass energies for hadronic events (GeV) : 
hadron_cut.1=2;hadron_cut.2=5;hadron_cut.3=10;
 nb of hadronic events per bunch crossing due to the virtual photons in ee collisions : 
hadrons_ee.1=0;hadrons_ee.2=0;hadrons_ee.3=0;
 nb of hadronic evts per bx due to e-gamma collisions 
hadrons_eg.1=0;hadrons_eg.2=0;hadrons_eg.3=0;
 .. due to gamma-e collisions : 
hadrons_ge.1=0;hadrons_ge.2=0;hadrons_ge.3=0;
 ... due to gamma-gamma collisions : 
hadrons_gg.1=0;hadrons_gg.2=0;hadrons_gg.3=0;
 ... due to all types of collisions : 
hadrons_sum.1=0;hadrons_sum.2=0;hadrons_sum.3=0;
 ............................................... 

lumi_ee=8.80492e+36;
lumi_ee_high=1.49359e+35;
step   lumi total   lumi peak 
1  0  0
2  0  0
3  0  0
4  0  0
5  0  0
6  0  0
7  0  0
8  0  0
9  0  0
10  0  0
11  0  0
12  0  0
13  2.96877e+31  2.96877e+31
14  2.96877e+31  2.96877e+31
15  1.48438e+31  0
16  7.42192e+31  7.42192e+31
17  7.42192e+31  5.93753e+31
18  5.93753e+31  5.93753e+31
19  7.42192e+31  5.93753e+31
20  1.9297e+32  1.63282e+32
21  2.22657e+32  1.9297e+32
22  2.07814e+32  2.07814e+32
23  2.67189e+32  2.07814e+32
24  4.00783e+32  2.96877e+32
25  6.38285e+32  4.45315e+32
26  8.01567e+32  4.75003e+32
27  9.20318e+32  5.34378e+32
28  1.29141e+33  6.9766e+32
29  1.60313e+33  8.75786e+32
30  2.13751e+33  1.14298e+33
31  2.43439e+33  1.11329e+33
32  3.39924e+33  1.60313e+33
33  4.2008e+33  1.52891e+33
34  4.89846e+33  1.85548e+33
35  6.32347e+33  2.36017e+33
36  7.22895e+33  2.27111e+33
37  7.79301e+33  2.61251e+33
38  1.02571e+34  2.95392e+33
39  1.25134e+34  3.2508e+33
40  1.47251e+34  3.33986e+33
41  1.8822e+34  3.7258e+33
42  2.13751e+34  3.81487e+33
43  2.79213e+34  4.42346e+33
44  3.40814e+34  4.83909e+33
45  4.23198e+34  5.13597e+33
46  5.4655e+34  4.75003e+33
47  7.70098e+34  5.83363e+33
48  1.10765e+35  7.67426e+33
49  1.67958e+35  1.09993e+34
50  2.62543e+35  1.27509e+34
51  2.89959e+35  1.29438e+34
52  3.06288e+35  9.20318e+33
53  3.21725e+35  6.96176e+33
54  3.36881e+35  5.418e+33
55  3.35723e+35  3.81487e+33
56  3.52378e+35  3.35471e+33
57  3.40473e+35  2.6422e+33
58  3.34313e+35  2.25626e+33
59  3.4316e+35  1.9297e+33
60  3.50596e+35  1.33594e+33
61  3.35382e+35  1.05391e+33
62  3.17688e+35  7.27348e+32
63  3.07564e+35  9.79693e+32
64  2.84141e+35  6.82816e+32
65  2.60702e+35  6.08597e+32
66  2.72206e+35  5.64066e+32
67  2.46942e+35  4.15627e+32
68  2.41554e+35  2.07814e+32
69  2.18917e+35  3.41408e+32
70  1.96146e+35  1.78126e+32
71  1.84702e+35  2.07814e+32
72  1.66637e+35  1.63282e+32
73  1.60447e+35  1.18751e+32
74  1.46583e+35  1.33594e+32
75  1.37068e+35  1.18751e+32
76  1.25475e+35  5.93753e+31
77  1.11358e+35  5.93753e+31
78  1.04189e+35  5.93753e+31
79  9.17646e+34  7.42192e+31
80  9.15865e+34  2.96877e+31
81  8.0127e+34  4.45315e+31
82  6.60847e+34  2.96877e+31
83  6.47043e+34  1.48438e+31
84  5.62433e+34  4.45315e+31
85  4.92815e+34  0
86  3.94994e+34  4.45315e+31
87  3.66197e+34  4.45315e+31
88  3.17361e+34  1.48438e+31
89  2.70158e+34  0
90  2.37056e+34  0
91  2.04548e+34  0
92  1.82876e+34  2.96877e+31
93  1.64173e+34  0
94  1.28251e+34  0
95  9.70787e+33  1.48438e+31
96  7.77817e+33  1.48438e+31
97  6.94691e+33  0
98  5.61097e+33  1.48438e+31
99  4.08205e+33  0
100  3.26564e+33  0
101  3.02814e+33  0
102  2.01876e+33  0
103  1.76642e+33  0
104  1.57345e+33  0
105  7.42192e+32  1.48438e+31
106  7.27348e+32  0
107  6.82816e+32  0
108  2.52345e+32  0
109  2.67189e+32  0
110  2.07814e+32  0
111  1.63282e+32  0
112  1.18751e+32  0
113  5.93753e+31  0
114  1.48438e+31  0
115  4.45315e+31  0
116  1.48438e+31  0
117  0  0
118  0  0
119  1.48438e+31  0
120  1.48438e+31  0
121  0  0
122  0  0
123  0  0
124  0  0
125  0  0
126  0  0
127  0  0
                                         
 *********************************************************************** 
 ------------- other information  ------------ 
             
99957 particles are saved on file : beam1.dat
99949 particles are saved on file : beam2.dat
 coherent particles of beam1 are saved on file : coh1.dat
 coherent particles of beam2 are saved on file : coh2.dat
 trident particles of beam1 are saved on file : tri1.dat
 trident particles of beam2 are saved on file : tri2.dat
